{
  "stats": {
    "suites": 1,
    "tests": 3,
    "passes": 3,
    "pending": 0,
    "failures": 0,
    "start": "2021-01-06T07:42:13.138Z",
    "end": "2021-01-06T07:46:23.657Z",
    "duration": 250519,
    "testsRegistered": 3,
    "passPercent": 100,
    "pendingPercent": 0,
    "other": 0,
    "hasOther": false,
    "skipped": 0,
    "hasSkipped": false
  },
  "results": [
    {
      "uuid": "b35efc9e-2406-4fa7-bb24-27ecbb531204",
      "title": "",
      "fullFile": "",
      "file": "",
      "beforeHooks": [],
      "afterHooks": [],
      "tests": [],
      "suites": [
        {
          "uuid": "47ead5e9-586b-462a-a189-0dcd555d9cbc",
          "title": "任务平台自动化测试",
          "fullFile": "E:\\otherProject\\自动化测试\\fullstack-master\\puppeteer\\task\\taskCinema.spec.js",
          "file": "\\task\\taskCinema.spec.js",
          "beforeHooks": [
            {
              "title": "\"before each\" hook in \"任务平台自动化测试\"",
              "fullTitle": "任务平台自动化测试 \"before each\" hook in \"任务平台自动化测试\"",
              "timedOut": false,
              "duration": 5740,
              "state": null,
              "speed": null,
              "pass": false,
              "fail": false,
              "pending": false,
              "context": null,
              "code": "browser = await puppeteer.launch({\n    headless: false,\n    slowMo: 10\n})\n// browser = await puppeteer.launch({\n//   executablePath: puppeteer.executablePath(),\n//   headless: true, args: [\n//     '--disable-setuid-sandbox',\n//     '--no-sandbox',\n//     '--ignore-certificate-errors',\n//     '--disable-web-security'\n//   ]\n// })\npage = await browser.newPage()\nawait page.waitFor(1000)\nawait page.setViewport({\n    width: 1920,\n    height: 768\n})\nawait page.setUserAgent('UA-TEST')\nawait addCookies(cookieString, page, ip_port);\nawait page.goto(`${address}/task-web/#/task/cinema`, {\n    timeout: 0\n})\ntakescreenshot('影院任务列表')\nawait page.waitFor(2000)",
              "err": {},
              "uuid": "b192cc3c-5d75-4004-9fb5-7447cada8077",
              "parentUUID": "47ead5e9-586b-462a-a189-0dcd555d9cbc",
              "isHook": true,
              "skipped": false
            }
          ],
          "afterHooks": [],
          "tests": [
            {
              "title": "影院任务列表新增",
              "fullTitle": "任务平台自动化测试 影院任务列表新增",
              "timedOut": false,
              "duration": 125536,
              "state": "passed",
              "speed": "slow",
              "pass": true,
              "fail": false,
              "pending": false,
              "context": null,
              "code": "try {\n    await page.goto(`${address}/task-web/#/task/cinema`, {\n        timeout: 0\n    })\n    await page.waitFor(2000)\n    await page.setViewport({\n        width: 1920,\n        height: 722\n    })\n    //新增任务\n    await page.waitForSelector('.el-form-item > .el-form-item__content > .el-dropdown > .el-button > span')\n    await page.click('.el-form-item > .el-form-item__content > .el-dropdown > .el-button > span')\n    await page.waitFor(2000)\n    //咪咕影院购票任务\n    await page.waitForSelector('body > .el-dropdown-menu > .el-dropdown-menu__item:nth-child(1)')\n    await page.click('body > .el-dropdown-menu > .el-dropdown-menu__item:nth-child(1)')\n    takescreenshot('影院任务列表-点击新增任务按钮')\n    await page.waitFor(2000)\n    //任务名称\n    await page.waitForSelector('.el-row:nth-child(2) > .fields > .el-form-item > .el-form-item__content > .el-input > .el-input__inner')\n    await page.type('.el-row:nth-child(2) > .fields > .el-form-item > .el-form-item__content > .el-input > .el-input__inner','test')\n    await page.waitFor(2000)\n    //任务主标\n    await page.waitForSelector('.el-row:nth-child(5) > .fields:nth-child(1) > .el-form-item > .el-form-item__content > .el-input > .el-input__inner')\n    await page.type('.el-row:nth-child(5) > .fields:nth-child(1) > .el-form-item > .el-form-item__content > .el-input > .el-input__inner','任务主标')\n    await page.waitFor(2000)\n    //任务副标\n    await page.waitForSelector('.fields:nth-child(2) > .el-form-item > .el-form-item__content > .el-input > .el-input__inner')\n    await page.type('.fields:nth-child(2) > .el-form-item > .el-form-item__content > .el-input > .el-input__inner','任务副标')\n    await page.waitFor(2000)\n    //任务开始时间\n    await page.waitForSelector('.fields:nth-child(3) > .el-form-item > .el-form-item__content > .el-date-editor > .el-input__inner')\n    await page.click('.fields:nth-child(3) > .el-form-item > .el-form-item__content > .el-date-editor > .el-input__inner')\n    await page.waitFor(2000)\n    await page.waitForSelector('tbody > .el-date-table__row:nth-child(3) > .available:nth-child(1) > div > span')\n    await page.click('tbody > .el-date-table__row:nth-child(3) > .available:nth-child(1) > div > span')\n    await page.waitFor(2000)\n    await page.waitForSelector('body > .el-picker-panel > .el-picker-panel__footer > .el-button--default > span')\n    await page.click('body > .el-picker-panel > .el-picker-panel__footer > .el-button--default > span')\n    await page.waitFor(2000)\n   \n     //任务结束时间\n     await page.waitForSelector('.fields:nth-child(4) > .el-form-item > .el-form-item__content > .el-date-editor > .el-input__inner')\n     await page.click('.fields:nth-child(4) > .el-form-item > .el-form-item__content > .el-date-editor > .el-input__inner')\n     await page.waitFor(2000)\n     await page.waitForSelector('body > .el-picker-panel:last-child tbody > .el-date-table__row td.today + td > div > span')\n     await page.click('body > .el-picker-panel:last-child tbody > .el-date-table__row td.today + td > div > span')\n     await page.waitFor(2000)\n     await page.waitForSelector('body > .el-picker-panel:last-child > .el-picker-panel__footer > .el-button--default')\n     await page.click('body > .el-picker-panel:last-child > .el-picker-panel__footer > .el-button--default')\n     await page.waitFor(2000)\n    //成长值\n    await page.waitForSelector('.el-col-12:nth-child(7) > .el-form-item > .el-form-item__content > .el-input > .el-input__inner')\n    await page.type('.el-col-12:nth-child(7) > .el-form-item > .el-form-item__content > .el-input > .el-input__inner','100')\n    await page.waitFor(2000)\n    //排序\n    await page.waitForSelector('.fields:nth-child(9) > .el-form-item > .el-form-item__content > .el-input > .el-input__inner')\n    await page.type('.fields:nth-child(9) > .el-form-item > .el-form-item__content > .el-input > .el-input__inner','5')\n    await page.waitFor(2000)\n    //任务图片\n    const uploadPic = await page.waitForSelector('.is-required > .el-form-item__content > span > .upload-image > input')\n    uploadPic.uploadFile('test/task/testFile/cs.jpg')\n    await page.waitFor(2000)\n    takescreenshot('上传任务图片')\n    //规则名称\n    await page.waitForSelector('.fields:nth-child(11) > .el-form-item > .el-form-item__content > .el-input > .el-input__inner')\n    await page.type('.fields:nth-child(11) > .el-form-item > .el-form-item__content > .el-input > .el-input__inner','规则')\n    await page.waitFor(2000)\n    //是否同步任务\n    await page.waitForSelector('.fields:nth-child(13) > .el-form-item > .el-form-item__content > .el-select > .el-input > .el-input__inner')\n    await page.click('.fields:nth-child(13) > .el-form-item > .el-form-item__content > .el-select > .el-input > .el-input__inner')\n    await page.waitFor(2000)\n    await page.waitForSelector('body > .el-select-dropdown:last-child .el-select-dropdown__wrap > .el-scrollbar__view .el-select-dropdown__item:nth-child(1)')\n    await page.click('body > .el-select-dropdown:last-child .el-select-dropdown__wrap > .el-scrollbar__view .el-select-dropdown__item:nth-child(1)')\n    await page.waitFor(2000)\n    //排规则触发周期\n    await page.waitForSelector('.fields:nth-child(16) > .el-form-item > .el-form-item__content > .el-select > .el-input > .el-input__inner')\n    await page.click('.fields:nth-child(16) > .el-form-item > .el-form-item__content > .el-select > .el-input > .el-input__inner')\n    await page.waitFor(2000)\n    await page.waitForSelector('body > .el-select-dropdown:last-child .el-select-dropdown__wrap > .el-scrollbar__view .el-select-dropdown__item:nth-child(1)')\n    await page.click('body > .el-select-dropdown:last-child .el-select-dropdown__wrap > .el-scrollbar__view .el-select-dropdown__item:nth-child(1)')\n    await page.waitFor(2000)\n    //网络模式\n    await page.waitForSelector('.fields:nth-child(26) > .el-form-item > .el-form-item__content > .el-select > .el-input > .el-input__inner')\n    await page.click('.fields:nth-child(26) > .el-form-item > .el-form-item__content > .el-select > .el-input > .el-input__inner')\n    await page.waitFor(2000)\n    await page.waitForSelector('body > .el-select-dropdown:last-child .el-select-dropdown__wrap > .el-scrollbar__view .el-select-dropdown__item:nth-child(1)')\n    await page.click('body > .el-select-dropdown:last-child .el-select-dropdown__wrap > .el-scrollbar__view .el-select-dropdown__item:nth-child(1)')\n    await page.waitFor(2000)\n    //任务说明\n    await page.waitForSelector('.fields:nth-child(27) > .el-form-item > .el-form-item__content > .el-textarea > .el-textarea__inner')\n    await page.type('.fields:nth-child(27) > .el-form-item > .el-form-item__content > .el-textarea > .el-textarea__inner','测试')\n    await page.waitFor(2000)\n    \n    //任务推荐语\n    await page.waitForSelector('.fields:nth-child(28) > .el-form-item > .el-form-item__content > .el-textarea > .el-textarea__inner')\n    await page.type('.fields:nth-child(28) > .el-form-item > .el-form-item__content > .el-textarea > .el-textarea__inner','测试')\n    await page.waitFor(2000)\n    //参与用户类型\n    await page.waitForSelector('.el-form-item > .el-form-item__content > .el-radio-group > .el-radio:nth-child(1) > .el-radio__label')\n    await page.click('.el-form-item > .el-form-item__content > .el-radio-group > .el-radio:nth-child(1) > .el-radio__label')\n    await page.waitFor(2000)\n    //奖励领取方式\n    await page.waitForSelector('.el-row:nth-child(9) > .fields > .el-form-item > .el-form-item__content > .el-select > .el-input > .el-input__inner')\n    await page.click('.el-row:nth-child(9) > .fields > .el-form-item > .el-form-item__content > .el-select > .el-input > .el-input__inner')\n    await page.waitFor(2000)\n    \n    await page.waitForSelector('body > .el-select-dropdown:last-child .el-select-dropdown__wrap > .el-scrollbar__view .el-select-dropdown__item:nth-child(1)')\n    await page.click('body > .el-select-dropdown:last-child .el-select-dropdown__wrap > .el-scrollbar__view .el-select-dropdown__item:nth-child(1)')\n    await page.waitFor(2000)\n    \n    //推送方式\n    await page.waitForSelector('.el-row:nth-child(10) > .fields:nth-child(1) > .el-form-item > .el-form-item__content > .el-select > .el-input > .el-input__inner')\n    await page.click('.el-row:nth-child(10) > .fields:nth-child(1) > .el-form-item > .el-form-item__content > .el-select > .el-input > .el-input__inner')\n    await page.waitFor(2000)\n    \n    await page.waitForSelector('body > .el-select-dropdown:last-child .el-select-dropdown__wrap > .el-scrollbar__view .el-select-dropdown__item:nth-child(1)')\n    await page.click('body > .el-select-dropdown:last-child .el-select-dropdown__wrap > .el-scrollbar__view .el-select-dropdown__item:nth-child(1)')\n    await page.waitFor(2000)\n    \n    //提示方式\n    await page.waitForSelector('.el-row:nth-child(10) > .fields:nth-child(2) > .el-form-item > .el-form-item__content > .el-select > .el-input > .el-input__inner')\n    await page.click('.el-row:nth-child(10) > .fields:nth-child(2) > .el-form-item > .el-form-item__content > .el-select > .el-input > .el-input__inner')\n    await page.waitFor(2000)\n    \n    await page.waitForSelector('body > .el-select-dropdown:last-child .el-select-dropdown__wrap > .el-scrollbar__view .el-select-dropdown__item:nth-child(1)')\n    await page.click('body > .el-select-dropdown:last-child .el-select-dropdown__wrap > .el-scrollbar__view .el-select-dropdown__item:nth-child(1)')\n    await page.waitFor(2000)\n    //资源接口id\n    await page.waitForSelector('.fields:nth-child(3) > .el-form-item > .el-form-item__content > .el-button:nth-child(2) > span')\n    await page.click('.fields:nth-child(3) > .el-form-item > .el-form-item__content > .el-button:nth-child(2) > span')\n    await page.waitFor(2000)\n    await page.waitForSelector('.el-dialog > .el-dialog__body > .modal-body > .selected > .el-button:nth-child(1)')\n    await page.click('.el-dialog > .el-dialog__body > .modal-body > .selected > .el-button:nth-child(1)')\n    await page.waitFor(2000)\n    //验签方式\n    await page.waitForSelector('.el-row:nth-child(10) > .fields:nth-child(5) > .el-form-item > .el-form-item__content > .el-select > .el-input > .el-input__inner')\n    await page.click('.el-row:nth-child(10) > .fields:nth-child(5) > .el-form-item > .el-form-item__content > .el-select > .el-input > .el-input__inner')\n    await page.waitFor(2000)\n    await page.waitForSelector('body > .el-select-dropdown:last-child .el-select-dropdown__wrap > .el-scrollbar__view .el-select-dropdown__item:nth-child(1)')\n    await page.click('body > .el-select-dropdown:last-child .el-select-dropdown__wrap > .el-scrollbar__view .el-select-dropdown__item:nth-child(1)')\n    await page.waitFor(2000)\n    \n    //短信模板ID\n    await page.waitForSelector('.fields:nth-child(6) > .el-form-item > .el-form-item__content > .el-input > .el-input__inner')\n    await page.type('.fields:nth-child(6) > .el-form-item > .el-form-item__content > .el-input > .el-input__inner','312312')\n    await page.waitFor(2000)\n    \n    //页面id\n    await page.waitForSelector('.fields:nth-child(7) > .el-form-item > .el-form-item__content > .el-button:nth-child(2) > span')\n    await page.click('.fields:nth-child(7) > .el-form-item > .el-form-item__content > .el-button:nth-child(2) > span')\n    await page.waitFor(2000)\n    \n    await page.waitForSelector('.el-dialog > .el-dialog__body > .modal-body > .selected > .el-button:nth-child(1)')\n    await page.click('.el-dialog > .el-dialog__body > .modal-body > .selected > .el-button:nth-child(1)')\n    await page.waitFor(2000)\n    \n    //名单类型\n    await page.waitForSelector('.fields > .el-col > .el-form-item > .el-form-item__content > .el-select > .el-input > .el-input__inner')\n    await page.click('.fields > .el-col > .el-form-item > .el-form-item__content > .el-select > .el-input > .el-input__inner')\n    await page.waitFor(2000)\n    await page.waitForSelector('body > .el-select-dropdown:last-child .el-select-dropdown__wrap > .el-scrollbar__view .el-select-dropdown__item:nth-child(1)')\n    await page.click('body > .el-select-dropdown:last-child .el-select-dropdown__wrap > .el-scrollbar__view .el-select-dropdown__item:nth-child(1)')\n    await page.waitFor(2000)\n    //节目id\n    await page.waitForSelector('.fields:nth-child(13) > div > .el-row > .el-col > .el-form-item > .el-form-item__content > .el-input > .el-input__inner')\n    await page.type('.fields:nth-child(13) > div > .el-row > .el-col > .el-form-item > .el-form-item__content > .el-input > .el-input__inner','4234223424')\n    await page.waitFor(2000)\n    //手机名单\n    await page.waitForSelector('.fields:nth-child(14) > div > .el-row > .el-col > .el-form-item > .el-form-item__content > .el-input > .el-input__inner')\n    await page.type('.fields:nth-child(14) > div > .el-row > .el-col > .el-form-item > .el-form-item__content > .el-input > .el-input__inner','132547687')\n    await page.waitFor(2000)\n    //来源\n    await page.waitForSelector('.el-row:nth-child(16) > .fields > .el-form-item > .el-form-item__content > .el-select > .el-input > .el-input__inner')\n    await page.click('.el-row:nth-child(16) > .fields > .el-form-item > .el-form-item__content > .el-select > .el-input > .el-input__inner')\n    await page.waitFor(2000)\n    await page.waitForSelector('body > .el-select-dropdown:last-child .el-select-dropdown__wrap > .el-scrollbar__view .el-select-dropdown__item:nth-child(2)')\n    await page.click('body > .el-select-dropdown:last-child .el-select-dropdown__wrap > .el-scrollbar__view .el-select-dropdown__item:nth-child(2)')\n    await page.waitFor(2000)\n    //IOS客户端版本\n    await page.waitForSelector('.el-row:nth-child(18) > .fields:nth-child(1) > .el-form-item > .el-form-item__content > .el-select > .el-input > .el-input__inner')\n    await page.click('.el-row:nth-child(18) > .fields:nth-child(1) > .el-form-item > .el-form-item__content > .el-select > .el-input > .el-input__inner')\n    await page.waitFor(2000)\n    await page.waitForSelector('body > .el-select-dropdown:last-child .el-select-dropdown__wrap > .el-scrollbar__view .el-select-dropdown__item:nth-child(1)')\n    await page.click('body > .el-select-dropdown:last-child .el-select-dropdown__wrap > .el-scrollbar__view .el-select-dropdown__item:nth-child(1)')\n    await page.waitFor(2000)\n    //安卓客户端版本\n    await page.waitForSelector('.el-row:nth-child(18) > .fields:nth-child(2) > .el-form-item > .el-form-item__content > .el-select > .el-input > .el-input__inner')\n    await page.click('.el-row:nth-child(18) > .fields:nth-child(2) > .el-form-item > .el-form-item__content > .el-select > .el-input > .el-input__inner')\n    await page.waitFor(2000)\n    await page.waitForSelector('body > .el-select-dropdown:last-child .el-select-dropdown__wrap > .el-scrollbar__view .el-select-dropdown__item:nth-child(1)')\n    await page.click('body > .el-select-dropdown:last-child .el-select-dropdown__wrap > .el-scrollbar__view .el-select-dropdown__item:nth-child(1)')\n    await page.waitFor(2000)\n    //状态\n    await page.waitForSelector('.fields:nth-child(3) > .el-form-item > .el-form-item__content > .el-select > .el-input > .el-input__inner')\n    await page.click('.fields:nth-child(3) > .el-form-item > .el-form-item__content > .el-select > .el-input > .el-input__inner')\n    await page.waitFor(2000)\n    await page.waitForSelector('body > .el-select-dropdown:last-child .el-select-dropdown__wrap > .el-scrollbar__view .el-select-dropdown__item:nth-child(1)')\n    await page.click('body > .el-select-dropdown:last-child .el-select-dropdown__wrap > .el-scrollbar__view .el-select-dropdown__item:nth-child(1)')\n    await page.waitFor(2000)\n    //参数匹配\n    await page.waitForSelector('.el-form-item__content > .parms-item > .col:nth-child(1) > .el-input > .el-input__inner')\n    await page.type('.el-form-item__content > .parms-item > .col:nth-child(1) > .el-input > .el-input__inner','value')\n    await page.waitFor(2000)\n    await page.waitForSelector('.parms-item > .col > .el-select > .el-input > .el-input__inner')\n    await page.click('.parms-item > .col > .el-select > .el-input > .el-input__inner')\n    await page.waitFor(2000)\n    await page.waitForSelector('body > .el-select-dropdown:last-child .el-select-dropdown__wrap > .el-scrollbar__view .el-select-dropdown__item:nth-child(1)')\n    await page.click('body > .el-select-dropdown:last-child .el-select-dropdown__wrap > .el-scrollbar__view .el-select-dropdown__item:nth-child(1)')\n    await page.waitFor(2000)\n    //参数值\n    await page.waitForSelector('.el-form-item__content > .parms-item > .col:nth-child(3) > .el-input > .el-input__inner')\n    await page.type('.el-form-item__content > .parms-item > .col:nth-child(3) > .el-input > .el-input__inner','7')\n    await page.waitFor(2000)\n    //提交按钮\n    await page.waitForSelector('.page > .page-content > .el-form > .form-btn > .el-button')\n    await page.click('.page > .page-content > .el-form > .form-btn > .el-button')\n    await page.waitFor(2000)\n    takescreenshot('影院任务列表-新增任务提交按钮')\n} finally {\n    await page.waitFor(1000);\n    await browser.close()\n}",
              "err": {},
              "uuid": "3b77d108-0441-49f5-ad58-40d6385c6f37",
              "parentUUID": "47ead5e9-586b-462a-a189-0dcd555d9cbc",
              "isHook": false,
              "skipped": false
            },
            {
              "title": "影院任务列表修改",
              "fullTitle": "任务平台自动化测试 影院任务列表修改",
              "timedOut": false,
              "duration": 93961,
              "state": "passed",
              "speed": "slow",
              "pass": true,
              "fail": false,
              "pending": false,
              "context": null,
              "code": "try {\n    await page.goto(`${address}/task-web/#/task/cinema`, {\n        timeout: 0\n    })\n    await page.waitFor(2000)\n    await page.setViewport({\n        width: 1920,\n        height: 722\n    }) \n    //搜索任务名称\n    await page.waitForSelector('.el-form > .el-form-item:nth-child(1) > .el-form-item__content > .el-input > .el-input__inner')\n    await page.type('.el-form > .el-form-item:nth-child(1) > .el-form-item__content > .el-input > .el-input__inner','test')\n    await page.waitFor(2000)\n    await page.waitForSelector('.el-form > .el-form-item > .el-form-item__content > .el-button--warning > span')\n    await page.click('.el-form > .el-form-item > .el-form-item__content > .el-button--warning > span')\n    await page.waitFor(2000)\n    //修改按钮\n    await page.waitForSelector('.el-table__fixed-body-wrapper > .el-table__body > tbody > .el-table__row > .el-table_1_column_2 > .cell > .el-button:nth-child(1)')\n    await page.click('.el-table__fixed-body-wrapper > .el-table__body > tbody > .el-table__row > .el-table_1_column_2 > .cell > .el-button:nth-child(1)')\n    await page.waitFor(2000)\n    //任务名称\n    await page.waitForSelector('.el-row:nth-child(2) > .fields > .el-form-item > .el-form-item__content > .el-input > .el-input__inner')\n    await page.type('.el-row:nth-child(2) > .fields > .el-form-item > .el-form-item__content > .el-input > .el-input__inner','修改')\n    await page.waitFor(2000)\n    //任务主标\n    await page.waitForSelector('.el-row:nth-child(5) > .fields:nth-child(1) > .el-form-item > .el-form-item__content > .el-input > .el-input__inner')\n    await page.type('.el-row:nth-child(5) > .fields:nth-child(1) > .el-form-item > .el-form-item__content > .el-input > .el-input__inner','修改')\n    await page.waitFor(2000)\n    //任务副标\n    await page.waitForSelector('.fields:nth-child(2) > .el-form-item > .el-form-item__content > .el-input > .el-input__inner')\n    await page.type('.fields:nth-child(2) > .el-form-item > .el-form-item__content > .el-input > .el-input__inner','修改')\n    await page.waitFor(2000)\n    // //任务开始时间\n    // await page.waitForSelector('.fields:nth-child(3) > .el-form-item > .el-form-item__content > .el-date-editor > .el-input__inner')\n    // await page.click('.fields:nth-child(3) > .el-form-item > .el-form-item__content > .el-date-editor > .el-input__inner')\n    // await page.waitFor(2000)\n    // await page.waitForSelector('tbody > .el-date-table__row:nth-child(3) > .available:nth-child(1) > div > span')\n    // await page.click('tbody > .el-date-table__row:nth-child(3) > .available:nth-child(1) > div > span')\n    // await page.waitFor(2000)\n    // await page.waitForSelector('body > .el-picker-panel > .el-picker-panel__footer > .el-button--default > span')\n    // await page.click('body > .el-picker-panel > .el-picker-panel__footer > .el-button--default > span')\n    // await page.waitFor(2000)\n    //  //任务结束时间\n    //  await page.waitForSelector('.fields:nth-child(4) > .el-form-item > .el-form-item__content > .el-date-editor > .el-input__inner')\n    //  await page.click('.fields:nth-child(4) > .el-form-item > .el-form-item__content > .el-date-editor > .el-input__inner')\n    //  await page.waitFor(2000)\n    //  await page.waitForSelector('body > .el-picker-panel:last-child tbody > .el-date-table__row td.today + td > div > span')\n    //  await page.click('body > .el-picker-panel:last-child tbody > .el-date-table__row td.today + td > div > span')\n    //  await page.waitFor(2000)\n    //  await page.waitForSelector('body > .el-picker-panel:last-child > .el-picker-panel__footer > .el-button--default')\n    //  await page.click('body > .el-picker-panel:last-child > .el-picker-panel__footer > .el-button--default')\n    //  await page.waitFor(2000)\n    //成长值\n    await page.waitForSelector('.el-col-12:nth-child(7) > .el-form-item > .el-form-item__content > .el-input > .el-input__inner')\n    await page.type('.el-col-12:nth-child(7) > .el-form-item > .el-form-item__content > .el-input > .el-input__inner','5')\n    await page.waitFor(2000)\n    //排序\n    await page.waitForSelector('.fields:nth-child(9) > .el-form-item > .el-form-item__content > .el-input > .el-input__inner')\n    await page.type('.fields:nth-child(9) > .el-form-item > .el-form-item__content > .el-input > .el-input__inner','7')\n    await page.waitFor(2000)\n    // //任务图片\n    // const uploadPic = await page.waitForSelector('.is-required > .el-form-item__content > span > .upload-image > input')\n    // uploadPic.uploadFile('test/task/testFile/cs.jpg')\n    // await page.waitFor(2000)\n    // takescreenshot('上传任务图片')\n    //规则名称\n    await page.waitForSelector('.fields:nth-child(11) > .el-form-item > .el-form-item__content > .el-input > .el-input__inner')\n    await page.type('.fields:nth-child(11) > .el-form-item > .el-form-item__content > .el-input > .el-input__inner','修改')\n    await page.waitFor(2000)\n    //是否同步任务\n    await page.waitForSelector('.fields:nth-child(13) > .el-form-item > .el-form-item__content > .el-select > .el-input > .el-input__inner')\n    await page.click('.fields:nth-child(13) > .el-form-item > .el-form-item__content > .el-select > .el-input > .el-input__inner')\n    await page.waitFor(2000)\n    await page.waitForSelector('body > .el-select-dropdown:last-child .el-select-dropdown__wrap > .el-scrollbar__view .el-select-dropdown__item:nth-child(2)')\n    await page.click('body > .el-select-dropdown:last-child .el-select-dropdown__wrap > .el-scrollbar__view .el-select-dropdown__item:nth-child(2)')\n    await page.waitFor(2000)\n    //排规则触发周期\n    await page.waitForSelector('.fields:nth-child(16) > .el-form-item > .el-form-item__content > .el-select > .el-input > .el-input__inner')\n    await page.click('.fields:nth-child(16) > .el-form-item > .el-form-item__content > .el-select > .el-input > .el-input__inner')\n    await page.waitFor(2000)\n    await page.waitForSelector('body > .el-select-dropdown:last-child .el-select-dropdown__wrap > .el-scrollbar__view .el-select-dropdown__item:nth-child(2)')\n    await page.click('body > .el-select-dropdown:last-child .el-select-dropdown__wrap > .el-scrollbar__view .el-select-dropdown__item:nth-child(2)')\n    await page.waitFor(2000)\n    //网络模式\n    await page.waitForSelector('.fields:nth-child(26) > .el-form-item > .el-form-item__content > .el-select > .el-input > .el-input__inner')\n    await page.click('.fields:nth-child(26) > .el-form-item > .el-form-item__content > .el-select > .el-input > .el-input__inner')\n    await page.waitFor(2000)\n    await page.waitForSelector('body > .el-select-dropdown:last-child .el-select-dropdown__wrap > .el-scrollbar__view .el-select-dropdown__item:nth-child(2)')\n    await page.click('body > .el-select-dropdown:last-child .el-select-dropdown__wrap > .el-scrollbar__view .el-select-dropdown__item:nth-child(2)')\n    await page.waitFor(2000)\n    //任务说明\n    await page.waitForSelector('.fields:nth-child(27) > .el-form-item > .el-form-item__content > .el-textarea > .el-textarea__inner')\n    await page.type('.fields:nth-child(27) > .el-form-item > .el-form-item__content > .el-textarea > .el-textarea__inner','修改')\n    await page.waitFor(2000)\n    \n    //任务推荐语\n    await page.waitForSelector('.fields:nth-child(28) > .el-form-item > .el-form-item__content > .el-textarea > .el-textarea__inner')\n    await page.type('.fields:nth-child(28) > .el-form-item > .el-form-item__content > .el-textarea > .el-textarea__inner','修改')\n    await page.waitFor(2000)\n    //参与用户类型\n    await page.waitForSelector('.el-form-item > .el-form-item__content > .el-radio-group > .el-radio:nth-child(2) > .el-radio__label')\n    await page.click('.el-form-item > .el-form-item__content > .el-radio-group > .el-radio:nth-child(2) > .el-radio__label')\n    await page.waitFor(2000)\n    //奖励领取方式\n    await page.waitForSelector('.el-row:nth-child(9) > .fields > .el-form-item > .el-form-item__content > .el-select > .el-input > .el-input__inner')\n    await page.click('.el-row:nth-child(9) > .fields > .el-form-item > .el-form-item__content > .el-select > .el-input > .el-input__inner')\n    await page.waitFor(2000)\n    \n    await page.waitForSelector('body > .el-select-dropdown:last-child .el-select-dropdown__wrap > .el-scrollbar__view .el-select-dropdown__item:nth-child(2)')\n    await page.click('body > .el-select-dropdown:last-child .el-select-dropdown__wrap > .el-scrollbar__view .el-select-dropdown__item:nth-child(2)')\n    await page.waitFor(2000)\n    \n    //推送方式\n    await page.waitForSelector('.el-row:nth-child(10) > .fields:nth-child(1) > .el-form-item > .el-form-item__content > .el-select > .el-input > .el-input__inner')\n    await page.click('.el-row:nth-child(10) > .fields:nth-child(1) > .el-form-item > .el-form-item__content > .el-select > .el-input > .el-input__inner')\n    await page.waitFor(2000)\n    \n    await page.waitForSelector('body > .el-select-dropdown:last-child .el-select-dropdown__wrap > .el-scrollbar__view .el-select-dropdown__item:nth-child(3)')\n    await page.click('body > .el-select-dropdown:last-child .el-select-dropdown__wrap > .el-scrollbar__view .el-select-dropdown__item:nth-child(3)')\n    await page.waitFor(2000)\n    \n    //提示方式\n    await page.waitForSelector('.el-row:nth-child(10) > .fields:nth-child(2) > .el-form-item > .el-form-item__content > .el-select > .el-input > .el-input__inner')\n    await page.click('.el-row:nth-child(10) > .fields:nth-child(2) > .el-form-item > .el-form-item__content > .el-select > .el-input > .el-input__inner')\n    await page.waitFor(2000)\n    \n    await page.waitForSelector('body > .el-select-dropdown:last-child .el-select-dropdown__wrap > .el-scrollbar__view .el-select-dropdown__item:nth-child(1)')\n    await page.click('body > .el-select-dropdown:last-child .el-select-dropdown__wrap > .el-scrollbar__view .el-select-dropdown__item:nth-child(1)')\n    await page.waitFor(2000)\n    // //资源接口id\n    // await page.waitForSelector('.fields:nth-child(3) > .el-form-item > .el-form-item__content > .el-button:nth-child(2) > span')\n    // await page.click('.fields:nth-child(3) > .el-form-item > .el-form-item__content > .el-button:nth-child(2) > span')\n    // await page.waitFor(2000)\n    // await page.waitForSelector('.el-dialog > .el-dialog__body > .modal-body > .selected > .el-button:nth-child(2)')\n    // await page.click('.el-dialog > .el-dialog__body > .modal-body > .selected > .el-button:nth-child(2)')\n    // await page.waitFor(2000)\n    //验签方式\n    await page.waitForSelector('.el-row:nth-child(10) > .fields:nth-child(5) > .el-form-item > .el-form-item__content > .el-select > .el-input > .el-input__inner')\n    await page.click('.el-row:nth-child(10) > .fields:nth-child(5) > .el-form-item > .el-form-item__content > .el-select > .el-input > .el-input__inner')\n    await page.waitFor(2000)\n    await page.waitForSelector('body > .el-select-dropdown:last-child .el-select-dropdown__wrap > .el-scrollbar__view .el-select-dropdown__item:nth-child(2)')\n    await page.click('body > .el-select-dropdown:last-child .el-select-dropdown__wrap > .el-scrollbar__view .el-select-dropdown__item:nth-child(2)')\n    await page.waitFor(2000)\n    \n    //短信模板ID\n    await page.waitForSelector('.fields:nth-child(6) > .el-form-item > .el-form-item__content > .el-input > .el-input__inner')\n    await page.type('.fields:nth-child(6) > .el-form-item > .el-form-item__content > .el-input > .el-input__inner','32')\n    await page.waitFor(2000)\n    \n    // //页面id\n    // await page.waitForSelector('.fields:nth-child(7) > .el-form-item > .el-form-item__content > .el-button:nth-child(2) > span')\n    // await page.click('.fields:nth-child(7) > .el-form-item > .el-form-item__content > .el-button:nth-child(2) > span')\n    // await page.waitFor(2000)\n    \n    // await page.waitForSelector('.el-dialog > .el-dialog__body > .modal-body > .selected > .el-button:nth-child(2)')\n    // await page.click('.el-dialog > .el-dialog__body > .modal-body > .selected > .el-button:nth-child(2)')\n    // await page.waitFor(2000)\n    \n    //名单类型\n    await page.waitForSelector('.fields > .el-col > .el-form-item > .el-form-item__content > .el-select > .el-input > .el-input__inner')\n    await page.click('.fields > .el-col > .el-form-item > .el-form-item__content > .el-select > .el-input > .el-input__inner')\n    await page.waitFor(2000)\n    await page.waitForSelector('body > .el-select-dropdown:last-child .el-select-dropdown__wrap > .el-scrollbar__view .el-select-dropdown__item:nth-child(2)')\n    await page.click('body > .el-select-dropdown:last-child .el-select-dropdown__wrap > .el-scrollbar__view .el-select-dropdown__item:nth-child(2)')\n    await page.waitFor(2000)\n    //节目id\n    await page.waitForSelector('.fields:nth-child(13) > div > .el-row > .el-col > .el-form-item > .el-form-item__content > .el-input > .el-input__inner')\n    await page.type('.fields:nth-child(13) > div > .el-row > .el-col > .el-form-item > .el-form-item__content > .el-input > .el-input__inner','4234223424')\n    await page.waitFor(2000)\n    // //手机名单\n    // await page.waitForSelector('.fields:nth-child(14) > div > .el-row > .el-col > .el-form-item > .el-form-item__content > .el-input > .el-input__inner')\n    // await page.type('.fields:nth-child(14) > div > .el-row > .el-col > .el-form-item > .el-form-item__content > .el-input > .el-input__inner','132547687')\n    // await page.waitFor(2000)\n    // //来源\n    // await page.waitForSelector('.el-row:nth-child(16) > .fields > .el-form-item > .el-form-item__content > .el-select > .el-input > .el-input__inner')\n    // await page.click('.el-row:nth-child(16) > .fields > .el-form-item > .el-form-item__content > .el-select > .el-input > .el-input__inner')\n    // await page.waitFor(2000)\n    // await page.waitForSelector('body > .el-select-dropdown:last-child .el-select-dropdown__wrap > .el-scrollbar__view .el-select-dropdown__item:nth-child(2)')\n    // await page.click('body > .el-select-dropdown:last-child .el-select-dropdown__wrap > .el-scrollbar__view .el-select-dropdown__item:nth-child(2)')\n    // await page.waitFor(2000)\n    //IOS客户端版本\n    await page.waitForSelector('.el-row:nth-child(18) > .fields:nth-child(1) > .el-form-item > .el-form-item__content > .el-select > .el-input > .el-input__inner')\n    await page.click('.el-row:nth-child(18) > .fields:nth-child(1) > .el-form-item > .el-form-item__content > .el-select > .el-input > .el-input__inner')\n    await page.waitFor(2000)\n    await page.waitForSelector('body > .el-select-dropdown:last-child .el-select-dropdown__wrap > .el-scrollbar__view .el-select-dropdown__item:nth-child(2)')\n    await page.click('body > .el-select-dropdown:last-child .el-select-dropdown__wrap > .el-scrollbar__view .el-select-dropdown__item:nth-child(2)')\n    await page.waitFor(2000)\n    //安卓客户端版本\n    await page.waitForSelector('.el-row:nth-child(18) > .fields:nth-child(2) > .el-form-item > .el-form-item__content > .el-select > .el-input > .el-input__inner')\n    await page.click('.el-row:nth-child(18) > .fields:nth-child(2) > .el-form-item > .el-form-item__content > .el-select > .el-input > .el-input__inner')\n    await page.waitFor(2000)\n    await page.waitForSelector('body > .el-select-dropdown:last-child .el-select-dropdown__wrap > .el-scrollbar__view .el-select-dropdown__item:nth-child(2)')\n    await page.click('body > .el-select-dropdown:last-child .el-select-dropdown__wrap > .el-scrollbar__view .el-select-dropdown__item:nth-child(2)')\n    await page.waitFor(2000)\n    //状态\n    await page.waitForSelector('.fields:nth-child(3) > .el-form-item > .el-form-item__content > .el-select > .el-input > .el-input__inner')\n    await page.click('.fields:nth-child(3) > .el-form-item > .el-form-item__content > .el-select > .el-input > .el-input__inner')\n    await page.waitFor(2000)\n    await page.waitForSelector('body > .el-select-dropdown:last-child .el-select-dropdown__wrap > .el-scrollbar__view .el-select-dropdown__item:nth-child(2)')\n    await page.click('body > .el-select-dropdown:last-child .el-select-dropdown__wrap > .el-scrollbar__view .el-select-dropdown__item:nth-child(2)')\n    await page.waitFor(2000)\n    //参数匹配\n    await page.waitForSelector('.el-form-item__content > .parms-item > .col:nth-child(1) > .el-input > .el-input__inner')\n    await page.type('.el-form-item__content > .parms-item > .col:nth-child(1) > .el-input > .el-input__inner','value')\n    await page.waitFor(2000)\n    await page.waitForSelector('.parms-item > .col > .el-select > .el-input > .el-input__inner')\n    await page.click('.parms-item > .col > .el-select > .el-input > .el-input__inner')\n    await page.waitFor(2000)\n    await page.waitForSelector('body > .el-select-dropdown:last-child .el-select-dropdown__wrap > .el-scrollbar__view .el-select-dropdown__item:nth-child(2)')\n    await page.click('body > .el-select-dropdown:last-child .el-select-dropdown__wrap > .el-scrollbar__view .el-select-dropdown__item:nth-child(2)')\n    await page.waitFor(2000)\n    //参数值\n    await page.waitForSelector('.el-form-item__content > .parms-item > .col:nth-child(3) > .el-input > .el-input__inner')\n    await page.type('.el-form-item__content > .parms-item > .col:nth-child(3) > .el-input > .el-input__inner','9')\n    await page.waitFor(2000)\n    //提交按钮\n    await page.waitForSelector('.page > .page-content > .el-form > .form-btn > .el-button')\n    await page.click('.page > .page-content > .el-form > .form-btn > .el-button')\n    await page.waitFor(2000)\n    takescreenshot('影院任务列表-修改任务提交按钮')\n} finally {\n    await page.waitFor(1000);\n    await browser.close()\n}",
              "err": {},
              "uuid": "acf858cc-1c98-4887-b861-7516aec576b4",
              "parentUUID": "47ead5e9-586b-462a-a189-0dcd555d9cbc",
              "isHook": false,
              "skipped": false
            },
            {
              "title": "影院任务列表查看日志",
              "fullTitle": "任务平台自动化测试 影院任务列表查看日志",
              "timedOut": false,
              "duration": 9964,
              "state": "passed",
              "speed": "slow",
              "pass": true,
              "fail": false,
              "pending": false,
              "context": null,
              "code": "try {\n    await page.goto(`${address}/task-web/#/task/cinema`, {\n        timeout: 0\n    })\n    await page.waitFor(2000)\n    await page.setViewport({\n        width: 1920,\n        height: 722\n    }) \n    //搜索任务名称\n    await page.waitForSelector('.el-form > .el-form-item:nth-child(1) > .el-form-item__content > .el-input > .el-input__inner')\n    await page.type('.el-form > .el-form-item:nth-child(1) > .el-form-item__content > .el-input > .el-input__inner','test')\n    await page.waitFor(2000)\n    await page.waitForSelector('.el-form > .el-form-item > .el-form-item__content > .el-button--warning > span')\n    await page.click('.el-form > .el-form-item > .el-form-item__content > .el-button--warning > span')\n    await page.waitFor(2000)\n    //日志按钮\n    await page.waitForSelector('.el-table__fixed-body-wrapper > .el-table__body > tbody > .el-table__row > .el-table_1_column_2 > .cell > .el-button:nth-child(2)')\n    await page.click('.el-table__fixed-body-wrapper > .el-table__body > tbody > .el-table__row > .el-table_1_column_2 > .cell > .el-button:nth-child(2)')\n    await page.waitFor(2000)\n  \n    takescreenshot('影院任务列表-查看日志')\n} finally {\n    await page.waitFor(1000);\n    await browser.close()\n}",
              "err": {},
              "uuid": "b629031e-7997-4cbc-93ac-3ae2ddef8df0",
              "parentUUID": "47ead5e9-586b-462a-a189-0dcd555d9cbc",
              "isHook": false,
              "skipped": false
            }
          ],
          "suites": [],
          "passes": [
            "3b77d108-0441-49f5-ad58-40d6385c6f37",
            "acf858cc-1c98-4887-b861-7516aec576b4",
            "b629031e-7997-4cbc-93ac-3ae2ddef8df0"
          ],
          "failures": [],
          "pending": [],
          "skipped": [],
          "duration": 229461,
          "root": false,
          "rootEmpty": false,
          "_timeout": 5000000
        }
      ],
      "passes": [],
      "failures": [],
      "pending": [],
      "skipped": [],
      "duration": 0,
      "root": true,
      "rootEmpty": true,
      "_timeout": 5000000
    }
  ],
  "meta": {
    "mocha": {
      "version": "8.2.1"
    },
    "mochawesome": {
      "options": {
        "quiet": false,
        "reportFilename": "mochawesome",
        "saveHtml": true,
        "saveJson": true,
        "consoleReporter": "spec",
        "useInlineDiffs": false,
        "code": true
      },
      "version": "6.2.1"
    },
    "marge": {
      "options": null,
      "version": "5.1.0"
    }
  }
}